# JRE version: Java(TM) SE Runtime Environment (8.0_141-b15) (build 1.8.0_141-b15)
# Java VM: Java HotSpot(TM) 64-Bit Server VM (25.141-b15 mixed mode windows-amd64 compressed oops)
Heap:
 PSYoungGen      total 106496K, used 26598K [0x0000000780900000, 0x000000078f100000, 0x00000007c0000000)
  eden space 98304K, 27% used [0x0000000780900000,0x00000007822f9950,0x0000000786900000)
  from space 8192K, 0% used [0x0000000786900000,0x0000000786900000,0x0000000787100000)
  to   space 20480K, 0% used [0x000000078dd00000,0x000000078dd00000,0x000000078f100000)
 ParOldGen       total 103424K, used 22417K [0x0000000701a00000, 0x0000000707f00000, 0x0000000780900000)
  object space 103424K, 21% used [0x0000000701a00000,0x0000000702fe4730,0x0000000707f00000)
 Metaspace       used 21443K, capacity 21702K, committed 22144K, reserved 1069056K
  class space    used 2708K, capacity 2824K, committed 2944K, reserved 1048576K
GC Heap History (10 events):
Event: 4.829 GC heap before
{Heap before GC invocations=2 (full 0):
 PSYoungGen      total 57344K, used 57318K [0x0000000780900000, 0x0000000784900000, 0x00000007c0000000)
  eden space 49152K, 100% used [0x0000000780900000,0x0000000783900000,0x0000000783900000)
  from space 8192K, 99% used [0x0000000783900000,0x00000007840f9a50,0x0000000784100000)
  to   space 8192K, 0% used [0x0000000784100000,0x0000000784100000,0x0000000784900000)
 ParOldGen       total 131072K, used 2069K [0x0000000701a00000, 0x0000000709a00000, 0x0000000780900000)
  object space 131072K, 1% used [0x0000000701a00000,0x0000000701c055a8,0x0000000709a00000)
 Metaspace       used 19513K, capacity 19824K, committed 20224K, reserved 1067008K
  class space    used 2596K, capacity 2693K, committed 2816K, reserved 1048576K
Event: 4.843 GC heap after
Heap after GC invocations=2 (full 0):
 PSYoungGen      total 57344K, used 8184K [0x0000000780900000, 0x0000000787900000, 0x00000007c0000000)
  eden space 49152K, 0% used [0x0000000780900000,0x0000000780900000,0x0000000783900000)
  from space 8192K, 99% used [0x0000000784100000,0x00000007848fe258,0x0000000784900000)
  to   space 8192K, 0% used [0x0000000783900000,0x0000000783900000,0x0000000784100000)
 ParOldGen       total 131072K, used 12311K [0x0000000701a00000, 0x0000000709a00000, 0x0000000780900000)
  object space 131072K, 9% used [0x0000000701a00000,0x0000000702605cf0,0x0000000709a00000)
 Metaspace       used 19513K, capacity 19824K, committed 20224K, reserved 1067008K
  class space    used 2596K, capacity 2693K, committed 2816K, reserved 1048576K
}
Event: 5.452 GC heap before
{Heap before GC invocations=3 (full 0):
 PSYoungGen      total 57344K, used 57020K [0x0000000780900000, 0x0000000787900000, 0x00000007c0000000)
  eden space 49152K, 99% used [0x0000000780900000,0x00000007838b10f0,0x0000000783900000)
  from space 8192K, 99% used [0x0000000784100000,0x00000007848fe258,0x0000000784900000)
  to   space 8192K, 0% used [0x0000000783900000,0x0000000783900000,0x0000000784100000)
 ParOldGen       total 131072K, used 12311K [0x0000000701a00000, 0x0000000709a00000, 0x0000000780900000)
  object space 131072K, 9% used [0x0000000701a00000,0x0000000702605cf0,0x0000000709a00000)
 Metaspace       used 20021K, capacity 20326K, committed 20736K, reserved 1067008K
  class space    used 2633K, capacity 2728K, committed 2816K, reserved 1048576K
Event: 5.466 GC heap after
Heap after GC invocations=3 (full 0):
 PSYoungGen      total 57344K, used 8179K [0x0000000780900000, 0x0000000787900000, 0x00000007c0000000)
  eden space 49152K, 0% used [0x0000000780900000,0x0000000780900000,0x0000000783900000)
  from space 8192K, 99% used [0x0000000783900000,0x00000007840fcf78,0x0000000784100000)
  to   space 8192K, 0% used [0x0000000787100000,0x0000000787100000,0x0000000787900000)
 ParOldGen       total 131072K, used 16327K [0x0000000701a00000, 0x0000000709a00000, 0x0000000780900000)
  object space 131072K, 12% used [0x0000000701a00000,0x00000007029f1e40,0x0000000709a00000)
 Metaspace       used 20021K, capacity 20326K, committed 20736K, reserved 1067008K
  class space    used 2633K, capacity 2728K, committed 2816K, reserved 1048576K
}
Event: 8.101 GC heap before
{Heap before GC invocations=4 (full 0):
 PSYoungGen      total 57344K, used 56593K [0x0000000780900000, 0x0000000787900000, 0x00000007c0000000)
  eden space 49152K, 98% used [0x0000000780900000,0x00000007838474e8,0x0000000783900000)
  from space 8192K, 99% used [0x0000000783900000,0x00000007840fcf78,0x0000000784100000)
  to   space 8192K, 0% used [0x0000000787100000,0x0000000787100000,0x0000000787900000)
 ParOldGen       total 131072K, used 16327K [0x0000000701a00000, 0x0000000709a00000, 0x0000000780900000)
  object space 131072K, 12% used [0x0000000701a00000,0x00000007029f1e40,0x0000000709a00000)
 Metaspace       used 20274K, capacity 20550K, committed 20992K, reserved 1067008K
  class space    used 2645K, capacity 2760K, committed 2816K, reserved 1048576K
Event: 8.115 GC heap after
Heap after GC invocations=4 (full 0):
 PSYoungGen      total 106496K, used 8181K [0x0000000780900000, 0x0000000787900000, 0x00000007c0000000)
  eden space 98304K, 0% used [0x0000000780900000,0x0000000780900000,0x0000000786900000)
  from space 8192K, 99% used [0x0000000787100000,0x00000007878fd518,0x0000000787900000)
  to   space 8192K, 0% used [0x0000000786900000,0x0000000786900000,0x0000000787100000)
 ParOldGen       total 131072K, used 17957K [0x0000000701a00000, 0x0000000709a00000, 0x0000000780900000)
  object space 131072K, 13% used [0x0000000701a00000,0x0000000702b89540,0x0000000709a00000)
 Metaspace       used 20274K, capacity 20550K, committed 20992K, reserved 1067008K
  class space    used 2645K, capacity 2760K, committed 2816K, reserved 1048576K
}
Event: 9.902 GC heap before
{Heap before GC invocations=5 (full 0):
 PSYoungGen      total 106496K, used 87582K [0x0000000780900000, 0x0000000787900000, 0x00000007c0000000)
  eden space 98304K, 80% used [0x0000000780900000,0x000000078568a338,0x0000000786900000)
  from space 8192K, 99% used [0x0000000787100000,0x00000007878fd518,0x0000000787900000)
  to   space 8192K, 0% used [0x0000000786900000,0x0000000786900000,0x0000000787100000)
 ParOldGen       total 131072K, used 17957K [0x0000000701a00000, 0x0000000709a00000, 0x0000000780900000)
  object space 131072K, 13% used [0x0000000701a00000,0x0000000702b89540,0x0000000709a00000)
 Metaspace       used 20790K, capacity 21030K, committed 21248K, reserved 1067008K
  class space    used 2688K, capacity 2792K, committed 2816K, reserved 1048576K
Event: 9.912 GC heap after
Heap after GC invocations=5 (full 0):
 PSYoungGen      total 106496K, used 8181K [0x0000000780900000, 0x000000078f100000, 0x00000007c0000000)
  eden space 98304K, 0% used [0x0000000780900000,0x0000000780900000,0x0000000786900000)
  from space 8192K, 99% used [0x0000000786900000,0x00000007870fd518,0x0000000787100000)
  to   space 20480K, 0% used [0x000000078dd00000,0x000000078dd00000,0x000000078f100000)
 ParOldGen       total 131072K, used 26103K [0x0000000701a00000, 0x0000000709a00000, 0x0000000780900000)
  object space 131072K, 19% used [0x0000000701a00000,0x000000070337ddc8,0x0000000709a00000)
 Metaspace       used 20790K, capacity 21030K, committed 21248K, reserved 1067008K
  class space    used 2688K, capacity 2792K, committed 2816K, reserved 1048576K
}
Event: 9.912 GC heap before
{Heap before GC invocations=6 (full 1):
 PSYoungGen      total 106496K, used 8181K [0x0000000780900000, 0x000000078f100000, 0x00000007c0000000)
  eden space 98304K, 0% used [0x0000000780900000,0x0000000780900000,0x0000000786900000)
  from space 8192K, 99% used [0x0000000786900000,0x00000007870fd518,0x0000000787100000)
  to   space 20480K, 0% used [0x000000078dd00000,0x000000078dd00000,0x000000078f100000)
 ParOldGen       total 131072K, used 26103K [0x0000000701a00000, 0x0000000709a00000, 0x0000000780900000)
  object space 131072K, 19% used [0x0000000701a00000,0x000000070337ddc8,0x0000000709a00000)
 Metaspace       used 20790K, capacity 21030K, committed 21248K, reserved 1067008K
  class space    used 2688K, capacity 2792K, committed 2816K, reserved 1048576K
Event: 9.975 GC heap after
Heap after GC invocations=6 (full 1):
 PSYoungGen      total 106496K, used 0K [0x0000000780900000, 0x000000078f100000, 0x00000007c0000000)
  eden space 98304K, 0% used [0x0000000780900000,0x0000000780900000,0x0000000786900000)
  from space 8192K, 0% used [0x0000000786900000,0x0000000786900000,0x0000000787100000)
  to   space 20480K, 0% used [0x000000078dd00000,0x000000078dd00000,0x000000078f100000)
 ParOldGen       total 103424K, used 22417K [0x0000000701a00000, 0x0000000707f00000, 0x0000000780900000)
  object space 103424K, 21% used [0x0000000701a00000,0x0000000702fe4730,0x0000000707f00000)
 Metaspace       used 20790K, capacity 21030K, committed 21248K, reserved 1067008K
  class space    used 2688K, capacity 2792K, committed 2816K, reserved 1048576K
}

