# JRE version: Java(TM) SE Runtime Environment (8.0_131-b11) (build 1.8.0_131-b11)
# Java VM: Java HotSpot(TM) 64-Bit Server VM (25.131-b11 mixed mode windows-amd64 compressed oops)
Heap:
 garbage-first heap   total 340992K, used 266728K [0x0000000649000000, 0x0000000649100a68, 0x00000007c0000000)
  region size 1024K, 72 young (73728K), 12 survivors (12288K)
 Metaspace       used 46681K, capacity 47163K, committed 47488K, reserved 1091584K
  class space    used 5867K, capacity 5996K, committed 6016K, reserved 1048576K
GC Heap History (10 events):
Event: 25.563 GC heap before
{Heap before GC invocations=17 (full 2):
 garbage-first heap   total 286720K, used 283222K [0x0000000649000000, 0x00000006491008c0, 0x00000007c0000000)
  region size 1024K, 126 young (129024K), 16 survivors (16384K)
 Metaspace       used 46269K, capacity 46811K, committed 47232K, reserved 1091584K
  class space    used 5824K, capacity 5964K, committed 6016K, reserved 1048576K
Event: 25.590 GC heap after
Heap after GC invocations=18 (full 2):
 garbage-first heap   total 313344K, used 180310K [0x0000000649000000, 0x0000000649100990, 0x00000007c0000000)
  region size 1024K, 8 young (8192K), 8 survivors (8192K)
 Metaspace       used 46269K, capacity 46811K, committed 47232K, reserved 1091584K
  class space    used 5824K, capacity 5964K, committed 6016K, reserved 1048576K
}
Event: 25.824 GC heap before
{Heap before GC invocations=19 (full 2):
 garbage-first heap   total 313344K, used 298472K [0x0000000649000000, 0x0000000649100990, 0x00000007c0000000)
  region size 1024K, 128 young (131072K), 8 survivors (8192K)
 Metaspace       used 46297K, capacity 46811K, committed 47232K, reserved 1091584K
  class space    used 5827K, capacity 5964K, committed 6016K, reserved 1048576K
Event: 25.831 GC heap after
Heap after GC invocations=20 (full 2):
 garbage-first heap   total 314368K, used 179688K [0x0000000649000000, 0x0000000649100998, 0x00000007c0000000)
  region size 1024K, 12 young (12288K), 12 survivors (12288K)
 Metaspace       used 46297K, capacity 46811K, committed 47232K, reserved 1091584K
  class space    used 5827K, capacity 5964K, committed 6016K, reserved 1048576K
}
Event: 26.153 GC heap before
{Heap before GC invocations=20 (full 2):
 garbage-first heap   total 314368K, used 298472K [0x0000000649000000, 0x0000000649100998, 0x00000007c0000000)
  region size 1024K, 128 young (131072K), 12 survivors (12288K)
 Metaspace       used 46306K, capacity 46811K, committed 47232K, reserved 1091584K
  class space    used 5827K, capacity 5964K, committed 6016K, reserved 1048576K
Event: 26.163 GC heap after
Heap after GC invocations=21 (full 2):
 garbage-first heap   total 327680K, used 193000K [0x0000000649000000, 0x0000000649100a00, 0x00000007c0000000)
  region size 1024K, 16 young (16384K), 16 survivors (16384K)
 Metaspace       used 46306K, capacity 46811K, committed 47232K, reserved 1091584K
  class space    used 5827K, capacity 5964K, committed 6016K, reserved 1048576K
}
Event: 26.308 GC heap before
{Heap before GC invocations=21 (full 2):
 garbage-first heap   total 327680K, used 307688K [0x0000000649000000, 0x0000000649100a00, 0x00000007c0000000)
  region size 1024K, 128 young (131072K), 16 survivors (16384K)
 Metaspace       used 46325K, capacity 46811K, committed 47232K, reserved 1091584K
  class space    used 5828K, capacity 5964K, committed 6016K, reserved 1048576K
Event: 26.319 GC heap after
Heap after GC invocations=22 (full 2):
 garbage-first heap   total 336896K, used 201704K [0x0000000649000000, 0x0000000649100a48, 0x00000007c0000000)
  region size 1024K, 8 young (8192K), 8 survivors (8192K)
 Metaspace       used 46325K, capacity 46811K, committed 47232K, reserved 1091584K
  class space    used 5828K, capacity 5964K, committed 6016K, reserved 1048576K
}
Event: 26.467 GC heap before
{Heap before GC invocations=22 (full 2):
 garbage-first heap   total 336896K, used 324584K [0x0000000649000000, 0x0000000649100a48, 0x00000007c0000000)
  region size 1024K, 128 young (131072K), 8 survivors (8192K)
 Metaspace       used 46350K, capacity 46875K, committed 47232K, reserved 1091584K
  class space    used 5830K, capacity 5964K, committed 6016K, reserved 1048576K
Event: 26.474 GC heap after
Heap after GC invocations=23 (full 2):
 garbage-first heap   total 340992K, used 206312K [0x0000000649000000, 0x0000000649100a68, 0x00000007c0000000)
  region size 1024K, 12 young (12288K), 12 survivors (12288K)
 Metaspace       used 46350K, capacity 46875K, committed 47232K, reserved 1091584K
  class space    used 5830K, capacity 5964K, committed 6016K, reserved 1048576K
}

