# JRE version: Java(TM) SE Runtime Environment (8.0_141-b15) (build 1.8.0_141-b15)
# Java VM: Java HotSpot(TM) 64-Bit Server VM (25.141-b15 mixed mode windows-amd64 compressed oops)
Heap:
 garbage-first heap   total 455680K, used 346609K [0x0000000649000000, 0x0000000649100de8, 0x00000007c0000000)
  region size 1024K, 75 young (76800K), 2 survivors (2048K)
 Metaspace       used 49737K, capacity 50193K, committed 50688K, reserved 1093632K
  class space    used 5942K, capacity 6073K, committed 6144K, reserved 1048576K
GC Heap History (10 events):
Event: 114.764 GC heap before
{Heap before GC invocations=42 (full 3):
 garbage-first heap   total 454656K, used 418424K [0x0000000649000000, 0x0000000649100de0, 0x00000007c0000000)
  region size 1024K, 128 young (131072K), 14 survivors (14336K)
 Metaspace       used 49557K, capacity 49969K, committed 50432K, reserved 1093632K
  class space    used 5922K, capacity 6041K, committed 6144K, reserved 1048576K
Event: 114.796 GC heap after
Heap after GC invocations=43 (full 3):
 garbage-first heap   total 455680K, used 290484K [0x0000000649000000, 0x0000000649100de8, 0x00000007c0000000)
  region size 1024K, 16 young (16384K), 16 survivors (16384K)
 Metaspace       used 49557K, capacity 49969K, committed 50432K, reserved 1093632K
  class space    used 5922K, capacity 6041K, committed 6144K, reserved 1048576K
}
Event: 124.193 GC heap before
{Heap before GC invocations=43 (full 3):
 garbage-first heap   total 455680K, used 405172K [0x0000000649000000, 0x0000000649100de8, 0x00000007c0000000)
  region size 1024K, 128 young (131072K), 16 survivors (16384K)
 Metaspace       used 49729K, capacity 50193K, committed 50688K, reserved 1093632K
  class space    used 5942K, capacity 6073K, committed 6144K, reserved 1048576K
Event: 124.219 GC heap after
Heap after GC invocations=44 (full 3):
 garbage-first heap   total 455680K, used 288895K [0x0000000649000000, 0x0000000649100de8, 0x00000007c0000000)
  region size 1024K, 3 young (3072K), 3 survivors (3072K)
 Metaspace       used 49729K, capacity 50193K, committed 50688K, reserved 1093632K
  class space    used 5942K, capacity 6073K, committed 6144K, reserved 1048576K
}
Event: 124.530 GC heap before
{Heap before GC invocations=44 (full 3):
 garbage-first heap   total 455680K, used 416895K [0x0000000649000000, 0x0000000649100de8, 0x00000007c0000000)
  region size 1024K, 128 young (131072K), 3 survivors (3072K)
 Metaspace       used 49729K, capacity 50193K, committed 50688K, reserved 1093632K
  class space    used 5942K, capacity 6073K, committed 6144K, reserved 1048576K
Event: 124.539 GC heap after
Heap after GC invocations=45 (full 3):
 garbage-first heap   total 455680K, used 288383K [0x0000000649000000, 0x0000000649100de8, 0x00000007c0000000)
  region size 1024K, 3 young (3072K), 3 survivors (3072K)
 Metaspace       used 49729K, capacity 50193K, committed 50688K, reserved 1093632K
  class space    used 5942K, capacity 6073K, committed 6144K, reserved 1048576K
}
Event: 124.738 GC heap before
{Heap before GC invocations=45 (full 3):
 garbage-first heap   total 455680K, used 416383K [0x0000000649000000, 0x0000000649100de8, 0x00000007c0000000)
  region size 1024K, 128 young (131072K), 3 survivors (3072K)
 Metaspace       used 49735K, capacity 50193K, committed 50688K, reserved 1093632K
  class space    used 5942K, capacity 6073K, committed 6144K, reserved 1048576K
Event: 124.741 GC heap after
Heap after GC invocations=46 (full 3):
 garbage-first heap   total 455680K, used 288620K [0x0000000649000000, 0x0000000649100de8, 0x00000007c0000000)
  region size 1024K, 3 young (3072K), 3 survivors (3072K)
 Metaspace       used 49735K, capacity 50193K, committed 50688K, reserved 1093632K
  class space    used 5942K, capacity 6073K, committed 6144K, reserved 1048576K
}
Event: 124.985 GC heap before
{Heap before GC invocations=46 (full 3):
 garbage-first heap   total 455680K, used 416620K [0x0000000649000000, 0x0000000649100de8, 0x00000007c0000000)
  region size 1024K, 128 young (131072K), 3 survivors (3072K)
 Metaspace       used 49736K, capacity 50193K, committed 50688K, reserved 1093632K
  class space    used 5942K, capacity 6073K, committed 6144K, reserved 1048576K
Event: 124.987 GC heap after
Heap after GC invocations=47 (full 3):
 garbage-first heap   total 455680K, used 287217K [0x0000000649000000, 0x0000000649100de8, 0x00000007c0000000)
  region size 1024K, 2 young (2048K), 2 survivors (2048K)
 Metaspace       used 49736K, capacity 50193K, committed 50688K, reserved 1093632K
  class space    used 5942K, capacity 6073K, committed 6144K, reserved 1048576K
}

