# JRE version: Java(TM) SE Runtime Environment (8.0_131-b11) (build 1.8.0_131-b11)
# Java VM: Java HotSpot(TM) 64-Bit Server VM (25.131-b11 mixed mode windows-amd64 compressed oops)
Heap:
 garbage-first heap   total 324608K, used 231448K [0x0000000649000000, 0x00000006491009e8, 0x00000007c0000000)
  region size 1024K, 47 young (48128K), 8 survivors (8192K)
 Metaspace       used 46676K, capacity 47169K, committed 47436K, reserved 1091584K
  class space    used 5850K, capacity 5997K, committed 6016K, reserved 1048576K
GC Heap History (10 events):
Event: 33.011 GC heap before
{Heap before GC invocations=18 (full 3):
 garbage-first heap   total 283648K, used 280088K [0x0000000649000000, 0x00000006491008a8, 0x00000007c0000000)
  region size 1024K, 121 young (123904K), 0 survivors (0K)
 Metaspace       used 46247K, capacity 46785K, committed 47180K, reserved 1091584K
  class space    used 5807K, capacity 5933K, committed 6016K, reserved 1048576K
Event: 33.018 GC heap after
Heap after GC invocations=19 (full 3):
 garbage-first heap   total 290816K, used 162840K [0x0000000649000000, 0x00000006491008e0, 0x00000007c0000000)
  region size 1024K, 7 young (7168K), 7 survivors (7168K)
 Metaspace       used 46247K, capacity 46785K, committed 47180K, reserved 1091584K
  class space    used 5807K, capacity 5933K, committed 6016K, reserved 1048576K
}
Event: 33.156 GC heap before
{Heap before GC invocations=19 (full 3):
 garbage-first heap   total 290816K, used 286744K [0x0000000649000000, 0x00000006491008e0, 0x00000007c0000000)
  region size 1024K, 128 young (131072K), 7 survivors (7168K)
 Metaspace       used 46277K, capacity 46817K, committed 47180K, reserved 1091584K
  class space    used 5809K, capacity 5965K, committed 6016K, reserved 1048576K
Event: 33.163 GC heap after
Heap after GC invocations=20 (full 3):
 garbage-first heap   total 302080K, used 166936K [0x0000000649000000, 0x0000000649100938, 0x00000007c0000000)
  region size 1024K, 11 young (11264K), 11 survivors (11264K)
 Metaspace       used 46277K, capacity 46817K, committed 47180K, reserved 1091584K
  class space    used 5809K, capacity 5965K, committed 6016K, reserved 1048576K
}
Event: 33.550 GC heap before
{Heap before GC invocations=21 (full 3):
 garbage-first heap   total 302080K, used 286744K [0x0000000649000000, 0x0000000649100938, 0x00000007c0000000)
  region size 1024K, 128 young (131072K), 11 survivors (11264K)
 Metaspace       used 46288K, capacity 46817K, committed 47180K, reserved 1091584K
  class space    used 5809K, capacity 5965K, committed 6016K, reserved 1048576K
Event: 33.560 GC heap after
Heap after GC invocations=22 (full 3):
 garbage-first heap   total 316416K, used 181589K [0x0000000649000000, 0x00000006491009a8, 0x00000007c0000000)
  region size 1024K, 16 young (16384K), 16 survivors (16384K)
 Metaspace       used 46288K, capacity 46817K, committed 47180K, reserved 1091584K
  class space    used 5809K, capacity 5965K, committed 6016K, reserved 1048576K
}
Event: 33.751 GC heap before
{Heap before GC invocations=22 (full 3):
 garbage-first heap   total 316416K, used 296277K [0x0000000649000000, 0x00000006491009a8, 0x00000007c0000000)
  region size 1024K, 128 young (131072K), 16 survivors (16384K)
 Metaspace       used 46310K, capacity 46817K, committed 47180K, reserved 1091584K
  class space    used 5811K, capacity 5965K, committed 6016K, reserved 1048576K
Event: 33.761 GC heap after
Heap after GC invocations=23 (full 3):
 garbage-first heap   total 323584K, used 188440K [0x0000000649000000, 0x00000006491009e0, 0x00000007c0000000)
  region size 1024K, 7 young (7168K), 7 survivors (7168K)
 Metaspace       used 46310K, capacity 46817K, committed 47180K, reserved 1091584K
  class space    used 5811K, capacity 5965K, committed 6016K, reserved 1048576K
}
Event: 33.905 GC heap before
{Heap before GC invocations=23 (full 3):
 garbage-first heap   total 323584K, used 312344K [0x0000000649000000, 0x00000006491009e0, 0x00000007c0000000)
  region size 1024K, 128 young (131072K), 7 survivors (7168K)
 Metaspace       used 46335K, capacity 46881K, committed 47180K, reserved 1091584K
  class space    used 5813K, capacity 5965K, committed 6016K, reserved 1048576K
Event: 33.912 GC heap after
Heap after GC invocations=24 (full 3):
 garbage-first heap   total 324608K, used 189464K [0x0000000649000000, 0x00000006491009e8, 0x00000007c0000000)
  region size 1024K, 8 young (8192K), 8 survivors (8192K)
 Metaspace       used 46335K, capacity 46881K, committed 47180K, reserved 1091584K
  class space    used 5813K, capacity 5965K, committed 6016K, reserved 1048576K
}

